Using pre-set license
Built from '2020.2/release' branch; Version is '2020.2.2f1 (068178b99f32) revision 426360'; Using compiler version '192528614'; Build Type 'Release'
OS: 'Windows 10 Home Single Language; OS build 18363.1082; Version 1909; 64bit' Language: 'pt' Physical Memory: 8064 MB
BatchMode: 1, IsHumanControllingUs: 0, StartBugReporterOnCrash: 0, Is64bit: 1, IsPro: 0

 COMMAND LINE ARGUMENTS:
C:\Program Files\Unity\Hub\Editor\2020.2.2f1\Editor\Unity.exe
-adb2
-batchMode
-noUpm
-name
AssetImportWorker1
-projectPath
C:/Users/Dell/Documents/GitHub/Listen-Catch-Up/Listen and CatchUp
-logFile
Logs/AssetImportWorker1.log
-srvPort
54109
Successfully changed project path to: C:/Users/Dell/Documents/GitHub/Listen-Catch-Up/Listen and CatchUp
C:/Users/Dell/Documents/GitHub/Listen-Catch-Up/Listen and CatchUp
Using Asset Import Pipeline V2.
Refreshing native plugins compatible for Editor in 67.56 ms, found 0 plugins.
Preloading 0 native plugins for Editor in 0.00 ms.
Initialize engine version: 2020.2.2f1 (068178b99f32)
[Subsystems] Discovering subsystems at path C:/Program Files/Unity/Hub/Editor/2020.2.2f1/Editor/Data/Resources/UnitySubsystems
[Subsystems] Discovering subsystems at path C:/Users/Dell/Documents/GitHub/Listen-Catch-Up/Listen and CatchUp/Assets
GfxDevice: creating device client; threaded=0
Direct3D:
    Version:  Direct3D 11.0 [level 11.0]
    Renderer: NVIDIA GeForce MX130 (ID=0x174d)
    Vendor:   
    VRAM:     2010 MB
    Driver:   27.21.14.5167
Initialize mono
Mono path[0] = 'C:/Program Files/Unity/Hub/Editor/2020.2.2f1/Editor/Data/Managed'
Mono path[1] = 'C:/Program Files/Unity/Hub/Editor/2020.2.2f1/Editor/Data/MonoBleedingEdge/lib/mono/unityjit'
Mono config path = 'C:/Program Files/Unity/Hub/Editor/2020.2.2f1/Editor/Data/MonoBleedingEdge/etc'
Using monoOptions --debugger-agent=transport=dt_socket,embedding=1,server=y,suspend=n,address=127.0.0.1:56700
Begin MonoManager ReloadAssembly
Registering precompiled unity dll's ...
Register platform support module: C:/Program Files/Unity/Hub/Editor/2020.2.2f1/Editor/Data/PlaybackEngines/WindowsStandaloneSupport/UnityEditor.WindowsStandalone.Extensions.dll
Registered in 0.003086 seconds.
Native extension for WindowsStandalone target not found
Refreshing native plugins compatible for Editor in 78.89 ms, found 0 plugins.
Preloading 0 native plugins for Editor in 0.00 ms.
Invoked RoslynAnalysisRunner static constructor.
RoslynAnalysisRunner will not be running.
RoslynAnalysisRunner has terminated.
Mono: successfully reloaded assembly
- Completed reload, in  3.974 seconds
Platform modules already initialized, skipping
Registering precompiled user dll's ...
Registered in 0.012488 seconds.
Begin MonoManager ReloadAssembly
Native extension for WindowsStandalone target not found
Refreshing native plugins compatible for Editor in 0.59 ms, found 0 plugins.
Preloading 0 native plugins for Editor in 0.00 ms.
Invoked RoslynAnalysisRunner static constructor.
RoslynAnalysisRunner will not be running.
RoslynAnalysisRunner has terminated.
Mono: successfully reloaded assembly
- Completed reload, in  0.847 seconds
Platform modules already initialized, skipping
========================================================================
Worker process is ready to serve import requests
Launched and connected shader compiler UnityShaderCompiler.exe after 0.28 seconds
Refreshing native plugins compatible for Editor in 0.48 ms, found 0 plugins.
Preloading 0 native plugins for Editor in 0.00 ms.
Unloading 1581 Unused Serialized files (Serialized files now loaded: 0)
System memory in use before: 78.0 MB.
System memory in use after: 78.1 MB.

Unloading 50 unused Assets to reduce memory usage. Loaded Objects now: 1994.
Total: 2.127300 ms (FindLiveObjects: 0.222000 ms CreateObjectMapping: 0.062900 ms MarkObjects: 1.733300 ms  DeleteObjects: 0.108400 ms)

========================================================================
Received Import Request.
  path: Assets/__LOGIC/Prefabs/MenuCube.prefab
  artifactKey: Guid(4abdb96a1125ba74a8ce8b04a6b7d0c1) Importer(815301076,1909f56bfc062723c751e8b465ee728b)
Start importing Assets/__LOGIC/Prefabs/MenuCube.prefab using Guid(4abdb96a1125ba74a8ce8b04a6b7d0c1) Importer(815301076,1909f56bfc062723c751e8b465ee728b) Upgrading font asset [LiberationSans SDF] to version 1.1.0.
UnityEngine.StackTraceUtility:ExtractStackTrace ()
UnityEngine.DebugLogHandler:LogFormat (UnityEngine.LogType,UnityEngine.Object,string,object[])
UnityEngine.Logger:Log (UnityEngine.LogType,object,UnityEngine.Object)
UnityEngine.Debug:Log (object,UnityEngine.Object)
TMPro.TMP_FontAsset:UpgradeFontAsset () (at Library/PackageCache/com.unity.textmeshpro@3.0.1/Scripts/Runtime/TMP_FontAsset.cs:2845)
TMPro.TMP_FontAsset:ReadFontAssetDefinition () (at Library/PackageCache/com.unity.textmeshpro@3.0.1/Scripts/Runtime/TMP_FontAsset.cs:551)
TMPro.TMP_FontAsset:OnValidate () (at Library/PackageCache/com.unity.textmeshpro@3.0.1/Scripts/Runtime/TMP_FontAsset.cs:537)

(Filename: Library/PackageCache/com.unity.textmeshpro@3.0.1/Scripts/Runtime/TMP_FontAsset.cs Line: 2845)

Upgrading font asset [LiberationSans SDF] Glyph Adjustment Table.
UnityEngine.StackTraceUtility:ExtractStackTrace ()
UnityEngine.DebugLogHandler:LogFormat (UnityEngine.LogType,UnityEngine.Object,string,object[])
UnityEngine.Logger:Log (UnityEngine.LogType,object,UnityEngine.Object)
UnityEngine.Debug:Log (object,UnityEngine.Object)
TMPro.TMP_FontAsset:UpgradeGlyphAdjustmentTableToFontFeatureTable () (at Library/PackageCache/com.unity.textmeshpro@3.0.1/Scripts/Runtime/TMP_FontAsset.cs:3015)
TMPro.TMP_FontAsset:InitializeGlyphPaidAdjustmentRecordsLookupDictionary () (at Library/PackageCache/com.unity.textmeshpro@3.0.1/Scripts/Runtime/TMP_FontAsset.cs:679)
TMPro.TMP_FontAsset:InitializeDictionaryLookupTables () (at Library/PackageCache/com.unity.textmeshpro@3.0.1/Scripts/Runtime/TMP_FontAsset.cs:601)
TMPro.TMP_FontAsset:ReadFontAssetDefinition () (at Library/PackageCache/com.unity.textmeshpro@3.0.1/Scripts/Runtime/TMP_FontAsset.cs:554)
TMPro.TMP_FontAsset:UpgradeFontAsset () (at Library/PackageCache/com.unity.textmeshpro@3.0.1/Scripts/Runtime/TMP_FontAsset.cs:2998)
TMPro.TMP_FontAsset:ReadFontAssetDefinition () (at Library/PackageCache/com.unity.textmeshpro@3.0.1/Scripts/Runtime/TMP_FontAsset.cs:551)
TMPro.TMP_FontAsset:OnValidate () (at Library/PackageCache/com.unity.textmeshpro@3.0.1/Scripts/Runtime/TMP_FontAsset.cs:537)

(Filename: Library/PackageCache/com.unity.textmeshpro@3.0.1/Scripts/Runtime/TMP_FontAsset.cs Line: 3015)

 -> (artifact id: '3a74029c4059b7a19886bc20e76975c0') in 0.528073 seconds
  Import took 0.530954 seconds .

========================================================================
Received Import Request.
  Time since last request: 0.000309 seconds.
  path: Assets/__LOGIC/Prefabs/Cube.prefab
  artifactKey: Guid(bf097eeb5b5b9f346b50885dbf1ce6b3) Importer(815301076,1909f56bfc062723c751e8b465ee728b)
Start importing Assets/__LOGIC/Prefabs/Cube.prefab using Guid(bf097eeb5b5b9f346b50885dbf1ce6b3) Importer(815301076,1909f56bfc062723c751e8b465ee728b)  -> (artifact id: '46c05559d6793987d0524e7269d429ef') in 0.024033 seconds
  Import took 0.026752 seconds .

========================================================================
Received Prepare
Registering precompiled user dll's ...
Registered in 0.006506 seconds.
Begin MonoManager ReloadAssembly
Native extension for WindowsStandalone target not found
Refreshing native plugins compatible for Editor in 0.57 ms, found 0 plugins.
Preloading 0 native plugins for Editor in 0.00 ms.
Invoked RoslynAnalysisRunner static constructor.
RoslynAnalysisRunner will not be running.
RoslynAnalysisRunner has terminated.
Mono: successfully reloaded assembly
- Completed reload, in  0.777 seconds
Platform modules already initialized, skipping
Refreshing native plugins compatible for Editor in 0.50 ms, found 0 plugins.
Preloading 0 native plugins for Editor in 0.00 ms.
Unloading 1532 Unused Serialized files (Serialized files now loaded: 0)
System memory in use before: 78.3 MB.
System memory in use after: 78.4 MB.

Unloading 41 unused Assets to reduce memory usage. Loaded Objects now: 2004.
Total: 2.898600 ms (FindLiveObjects: 0.380500 ms CreateObjectMapping: 0.080900 ms MarkObjects: 2.412400 ms  DeleteObjects: 0.023200 ms)

========================================================================
Received Prepare
Registering precompiled user dll's ...
Registered in 0.009080 seconds.
Begin MonoManager ReloadAssembly
Native extension for WindowsStandalone target not found
Refreshing native plugins compatible for Editor in 0.51 ms, found 0 plugins.
Preloading 0 native plugins for Editor in 0.00 ms.
Invoked RoslynAnalysisRunner static constructor.
RoslynAnalysisRunner will not be running.
RoslynAnalysisRunner has terminated.
Mono: successfully reloaded assembly
- Completed reload, in  0.806 seconds
Platform modules already initialized, skipping
Refreshing native plugins compatible for Editor in 0.54 ms, found 0 plugins.
Preloading 0 native plugins for Editor in 0.00 ms.
Unloading 1532 Unused Serialized files (Serialized files now loaded: 0)
System memory in use before: 78.8 MB.
System memory in use after: 78.9 MB.

Unloading 41 unused Assets to reduce memory usage. Loaded Objects now: 2006.
Total: 4.978600 ms (FindLiveObjects: 0.395000 ms CreateObjectMapping: 0.218000 ms MarkObjects: 4.302600 ms  DeleteObjects: 0.060800 ms)

========================================================================
Received Prepare
Registering precompiled user dll's ...
Registered in 0.006776 seconds.
Begin MonoManager ReloadAssembly
Native extension for WindowsStandalone target not found
Refreshing native plugins compatible for Editor in 0.50 ms, found 0 plugins.
Preloading 0 native plugins for Editor in 0.00 ms.
Invoked RoslynAnalysisRunner static constructor.
RoslynAnalysisRunner will not be running.
RoslynAnalysisRunner has terminated.
Mono: successfully reloaded assembly
- Completed reload, in  0.785 seconds
Platform modules already initialized, skipping
Refreshing native plugins compatible for Editor in 0.78 ms, found 0 plugins.
Preloading 0 native plugins for Editor in 0.00 ms.
Unloading 1532 Unused Serialized files (Serialized files now loaded: 0)
System memory in use before: 79.3 MB.
System memory in use after: 79.4 MB.

Unloading 41 unused Assets to reduce memory usage. Loaded Objects now: 2008.
Total: 2.425100 ms (FindLiveObjects: 0.808400 ms CreateObjectMapping: 0.053000 ms MarkObjects: 1.541100 ms  DeleteObjects: 0.020600 ms)

========================================================================
Received Prepare
Registering precompiled user dll's ...
Registered in 0.006304 seconds.
Begin MonoManager ReloadAssembly
Native extension for WindowsStandalone target not found
Refreshing native plugins compatible for Editor in 0.52 ms, found 0 plugins.
Preloading 0 native plugins for Editor in 0.00 ms.
Invoked RoslynAnalysisRunner static constructor.
RoslynAnalysisRunner will not be running.
RoslynAnalysisRunner has terminated.
Mono: successfully reloaded assembly
- Completed reload, in  0.790 seconds
Platform modules already initialized, skipping
Refreshing native plugins compatible for Editor in 0.56 ms, found 0 plugins.
Preloading 0 native plugins for Editor in 0.00 ms.
Unloading 1532 Unused Serialized files (Serialized files now loaded: 0)
System memory in use before: 79.8 MB.
System memory in use after: 79.9 MB.

Unloading 41 unused Assets to reduce memory usage. Loaded Objects now: 2010.
Total: 2.656500 ms (FindLiveObjects: 0.243400 ms CreateObjectMapping: 0.072800 ms MarkObjects: 2.301900 ms  DeleteObjects: 0.036900 ms)

========================================================================
Received Prepare
Registering precompiled user dll's ...
Registered in 0.006483 seconds.
Begin MonoManager ReloadAssembly
Native extension for WindowsStandalone target not found
Refreshing native plugins compatible for Editor in 0.52 ms, found 0 plugins.
Preloading 0 native plugins for Editor in 0.00 ms.
Invoked RoslynAnalysisRunner static constructor.
RoslynAnalysisRunner will not be running.
RoslynAnalysisRunner has terminated.
Mono: successfully reloaded assembly
- Completed reload, in  0.804 seconds
Platform modules already initialized, skipping
Refreshing native plugins compatible for Editor in 0.57 ms, found 0 plugins.
Preloading 0 native plugins for Editor in 0.00 ms.
Unloading 1532 Unused Serialized files (Serialized files now loaded: 0)
System memory in use before: 79.3 MB.
System memory in use after: 79.5 MB.

Unloading 41 unused Assets to reduce memory usage. Loaded Objects now: 2012.
Total: 2.313100 ms (FindLiveObjects: 0.211200 ms CreateObjectMapping: 0.058700 ms MarkObjects: 1.983000 ms  DeleteObjects: 0.058700 ms)

========================================================================
Received Prepare
Registering precompiled user dll's ...
Registered in 0.006464 seconds.
Begin MonoManager ReloadAssembly
Native extension for WindowsStandalone target not found
Refreshing native plugins compatible for Editor in 0.77 ms, found 0 plugins.
Preloading 0 native plugins for Editor in 0.00 ms.
Invoked RoslynAnalysisRunner static constructor.
RoslynAnalysisRunner will not be running.
RoslynAnalysisRunner has terminated.
Mono: successfully reloaded assembly
- Completed reload, in  0.816 seconds
Platform modules already initialized, skipping
Refreshing native plugins compatible for Editor in 0.49 ms, found 0 plugins.
Preloading 0 native plugins for Editor in 0.00 ms.
Unloading 1532 Unused Serialized files (Serialized files now loaded: 0)
System memory in use before: 79.4 MB.
System memory in use after: 79.5 MB.

Unloading 41 unused Assets to reduce memory usage. Loaded Objects now: 2014.
Total: 2.103600 ms (FindLiveObjects: 0.288300 ms CreateObjectMapping: 0.135200 ms MarkObjects: 1.651200 ms  DeleteObjects: 0.027500 ms)

========================================================================
Received Prepare
Refreshing native plugins compatible for Editor in 9.06 ms, found 0 plugins.
Preloading 0 native plugins for Editor in 0.00 ms.
Unloading 39 Unused Serialized files (Serialized files now loaded: 0)
System memory in use before: 49.8 MB.
System memory in use after: 49.9 MB.

Unloading 39 unused Assets to reduce memory usage. Loaded Objects now: 2014.
Total: 2.404200 ms (FindLiveObjects: 0.221300 ms CreateObjectMapping: 0.112000 ms MarkObjects: 2.031800 ms  DeleteObjects: 0.037700 ms)

========================================================================
Received Prepare
Refreshing native plugins compatible for Editor in 8.17 ms, found 0 plugins.
Preloading 0 native plugins for Editor in 0.00 ms.
Unloading 39 Unused Serialized files (Serialized files now loaded: 0)
System memory in use before: 49.8 MB.
System memory in use after: 50.0 MB.

Unloading 39 unused Assets to reduce memory usage. Loaded Objects now: 2014.
Total: 2.993800 ms (FindLiveObjects: 0.437500 ms CreateObjectMapping: 0.175500 ms MarkObjects: 2.351700 ms  DeleteObjects: 0.026300 ms)

========================================================================
Received Prepare
Refreshing native plugins compatible for Editor in 8.67 ms, found 0 plugins.
Preloading 0 native plugins for Editor in 0.00 ms.
Unloading 39 Unused Serialized files (Serialized files now loaded: 0)
System memory in use before: 49.8 MB.
System memory in use after: 50.0 MB.

Unloading 39 unused Assets to reduce memory usage. Loaded Objects now: 2014.
Total: 2.400500 ms (FindLiveObjects: 0.304200 ms CreateObjectMapping: 0.055400 ms MarkObjects: 2.023300 ms  DeleteObjects: 0.015600 ms)

========================================================================
Received Import Request.
  Time since last request: 833.638604 seconds.
  path: Assets/_DATA/Sprites/CEGICommonAssets/CEGICommonAssets/_DATA/Sprites/LogoCEGI_SPLASH.psd
  artifactKey: Guid(9b9a68312a256384da5c4eff0e56d3b5) Importer(815301076,1909f56bfc062723c751e8b465ee728b)
Start importing Assets/_DATA/Sprites/CEGICommonAssets/CEGICommonAssets/_DATA/Sprites/LogoCEGI_SPLASH.psd using Guid(9b9a68312a256384da5c4eff0e56d3b5) Importer(815301076,1909f56bfc062723c751e8b465ee728b)  -> (artifact id: '2afc355f4ec7c02eace86a56fd76708d') in 0.159922 seconds
  Import took 0.164181 seconds .

========================================================================
Received Import Request.
  Time since last request: 0.000581 seconds.
  path: Assets/_DATA/Sprites/CEGICommonAssets/CEGICommonAssets/_DATA/Sprites/LogoCEGI_SPLASH.psd
  artifactKey: Guid(9b9a68312a256384da5c4eff0e56d3b5) Importer(815301076,1909f56bfc062723c751e8b465ee728b)
Start importing Assets/_DATA/Sprites/CEGICommonAssets/CEGICommonAssets/_DATA/Sprites/LogoCEGI_SPLASH.psd using Guid(9b9a68312a256384da5c4eff0e56d3b5) Importer(815301076,1909f56bfc062723c751e8b465ee728b)  -> (artifact id: '2afc355f4ec7c02eace86a56fd76708d') in 0.017621 seconds
  Import took 0.020778 seconds .

========================================================================
Received Prepare
Refreshing native plugins compatible for Editor in 8.24 ms, found 0 plugins.
Preloading 0 native plugins for Editor in 0.00 ms.
Unloading 39 Unused Serialized files (Serialized files now loaded: 0)
System memory in use before: 49.5 MB.
System memory in use after: 49.6 MB.

Unloading 39 unused Assets to reduce memory usage. Loaded Objects now: 2018.
Total: 2.437800 ms (FindLiveObjects: 0.325500 ms CreateObjectMapping: 0.084100 ms MarkObjects: 1.967500 ms  DeleteObjects: 0.059400 ms)

========================================================================
Received Prepare
Registering precompiled user dll's ...
Registered in 0.006026 seconds.
Begin MonoManager ReloadAssembly
Native extension for WindowsStandalone target not found
Refreshing native plugins compatible for Editor in 0.51 ms, found 0 plugins.
Preloading 0 native plugins for Editor in 0.00 ms.
Invoked RoslynAnalysisRunner static constructor.
RoslynAnalysisRunner will not be running.
RoslynAnalysisRunner has terminated.
Mono: successfully reloaded assembly
- Completed reload, in  0.835 seconds
Platform modules already initialized, skipping
Refreshing native plugins compatible for Editor in 0.55 ms, found 0 plugins.
Preloading 0 native plugins for Editor in 0.00 ms.
Unloading 1532 Unused Serialized files (Serialized files now loaded: 0)
System memory in use before: 79.4 MB.
System memory in use after: 79.5 MB.

Unloading 41 unused Assets to reduce memory usage. Loaded Objects now: 2020.
Total: 1.972900 ms (FindLiveObjects: 0.210500 ms CreateObjectMapping: 0.039400 ms MarkObjects: 1.697300 ms  DeleteObjects: 0.023800 ms)

========================================================================
Received Prepare
Refreshing native plugins compatible for Editor in 8.38 ms, found 0 plugins.
Preloading 0 native plugins for Editor in 0.00 ms.
Unloading 39 Unused Serialized files (Serialized files now loaded: 0)
System memory in use before: 49.5 MB.
System memory in use after: 49.6 MB.

Unloading 39 unused Assets to reduce memory usage. Loaded Objects now: 2020.
Total: 1.909900 ms (FindLiveObjects: 0.256100 ms CreateObjectMapping: 0.065600 ms MarkObjects: 1.552300 ms  DeleteObjects: 0.034600 ms)

========================================================================
Received Prepare
Registering precompiled user dll's ...
Registered in 0.005874 seconds.
Begin MonoManager ReloadAssembly
Native extension for WindowsStandalone target not found
Refreshing native plugins compatible for Editor in 0.50 ms, found 0 plugins.
Preloading 0 native plugins for Editor in 0.00 ms.
Invoked RoslynAnalysisRunner static constructor.
RoslynAnalysisRunner will not be running.
RoslynAnalysisRunner has terminated.
Mono: successfully reloaded assembly
- Completed reload, in  0.784 seconds
Platform modules already initialized, skipping
Refreshing native plugins compatible for Editor in 0.53 ms, found 0 plugins.
Preloading 0 native plugins for Editor in 0.00 ms.
Unloading 1532 Unused Serialized files (Serialized files now loaded: 0)
System memory in use before: 79.4 MB.
System memory in use after: 79.5 MB.

Unloading 41 unused Assets to reduce memory usage. Loaded Objects now: 2022.
Total: 3.044200 ms (FindLiveObjects: 0.359700 ms CreateObjectMapping: 0.092600 ms MarkObjects: 2.553900 ms  DeleteObjects: 0.036300 ms)

========================================================================
Received Prepare
Refreshing native plugins compatible for Editor in 8.30 ms, found 0 plugins.
Preloading 0 native plugins for Editor in 0.00 ms.
Unloading 39 Unused Serialized files (Serialized files now loaded: 0)
System memory in use before: 49.5 MB.
System memory in use after: 49.7 MB.

Unloading 39 unused Assets to reduce memory usage. Loaded Objects now: 2022.
Total: 2.273200 ms (FindLiveObjects: 0.202000 ms CreateObjectMapping: 0.057100 ms MarkObjects: 1.984900 ms  DeleteObjects: 0.027700 ms)

========================================================================
Received Prepare
Registering precompiled user dll's ...
Registered in 0.008092 seconds.
Begin MonoManager ReloadAssembly
Native extension for WindowsStandalone target not found
Refreshing native plugins compatible for Editor in 0.56 ms, found 0 plugins.
Preloading 0 native plugins for Editor in 0.00 ms.
Invoked RoslynAnalysisRunner static constructor.
RoslynAnalysisRunner will not be running.
RoslynAnalysisRunner has terminated.
Mono: successfully reloaded assembly
- Completed reload, in  0.964 seconds
Platform modules already initialized, skipping
Refreshing native plugins compatible for Editor in 0.48 ms, found 0 plugins.
Preloading 0 native plugins for Editor in 0.00 ms.
Unloading 1532 Unused Serialized files (Serialized files now loaded: 0)
System memory in use before: 79.4 MB.
System memory in use after: 79.5 MB.

Unloading 41 unused Assets to reduce memory usage. Loaded Objects now: 2024.
Total: 2.348900 ms (FindLiveObjects: 0.483200 ms CreateObjectMapping: 0.118000 ms MarkObjects: 1.718300 ms  DeleteObjects: 0.027400 ms)

========================================================================
Received Prepare
Refreshing native plugins compatible for Editor in 8.42 ms, found 0 plugins.
Preloading 0 native plugins for Editor in 0.00 ms.
Unloading 39 Unused Serialized files (Serialized files now loaded: 0)
System memory in use before: 49.6 MB.
System memory in use after: 49.8 MB.

Unloading 39 unused Assets to reduce memory usage. Loaded Objects now: 2024.
Total: 2.497800 ms (FindLiveObjects: 0.703100 ms CreateObjectMapping: 0.069200 ms MarkObjects: 1.704200 ms  DeleteObjects: 0.020100 ms)

========================================================================
Received Prepare
Registering precompiled user dll's ...
Registered in 0.006439 seconds.
Begin MonoManager ReloadAssembly
Native extension for WindowsStandalone target not found
Refreshing native plugins compatible for Editor in 0.54 ms, found 0 plugins.
Preloading 0 native plugins for Editor in 0.00 ms.
Invoked RoslynAnalysisRunner static constructor.
RoslynAnalysisRunner will not be running.
RoslynAnalysisRunner has terminated.
Mono: successfully reloaded assembly
- Completed reload, in  0.865 seconds
Platform modules already initialized, skipping
Refreshing native plugins compatible for Editor in 0.51 ms, found 0 plugins.
Preloading 0 native plugins for Editor in 0.00 ms.
Unloading 1532 Unused Serialized files (Serialized files now loaded: 0)
System memory in use before: 79.4 MB.
System memory in use after: 79.5 MB.

Unloading 41 unused Assets to reduce memory usage. Loaded Objects now: 2026.
Total: 2.498000 ms (FindLiveObjects: 0.288900 ms CreateObjectMapping: 0.096900 ms MarkObjects: 2.073100 ms  DeleteObjects: 0.037400 ms)

========================================================================
Received Prepare
Refreshing native plugins compatible for Editor in 8.28 ms, found 0 plugins.
Preloading 0 native plugins for Editor in 0.00 ms.
Unloading 39 Unused Serialized files (Serialized files now loaded: 0)
System memory in use before: 49.7 MB.
System memory in use after: 49.8 MB.

Unloading 39 unused Assets to reduce memory usage. Loaded Objects now: 2026.
Total: 2.455700 ms (FindLiveObjects: 0.405200 ms CreateObjectMapping: 0.067800 ms MarkObjects: 1.958900 ms  DeleteObjects: 0.020300 ms)

AssetImportWorkerClient::OnTransportError - code=2 error=End of file
